<?xml version="1.0" encoding="UTF-8"?>
<!-- Generated by org.testng.reporters.JUnitReportReporter -->
<testsuite hostname="idea-PC" name="com.ActitimeMvn.projectAndCustomerTest.ProjectAndCustomerTest" tests="1" failures="0" timestamp="29 May 2017 18:42:15 GMT" time="0.138" errors="0">
  <testcase name="createCustomerTest" time="0.138" classname="com.ActitimeMvn.projectAndCustomerTest.ProjectAndCustomerTest"/>
</testsuite> <!-- com.ActitimeMvn.projectAndCustomerTest.ProjectAndCustomerTest -->
